TN:
SF:src/App.tsx
FN:6,App
FNF:1
FNH:0
FNDA:0,App
DA:7,0
LF:1
LH:0
BRF:0
BRH:0
end_of_record
TN:
SF:src/api/client.ts
FN:7,(anonymous_0)
FN:14,fetchClient
FN:23,(anonymous_2)
FN:33,(anonymous_3)
FN:36,(anonymous_4)
FN:39,(anonymous_5)
FNF:6
FNH:0
FNDA:0,(anonymous_0)
FNDA:0,fetchClient
FNDA:0,(anonymous_2)
FNDA:0,(anonymous_3)
FNDA:0,(anonymous_4)
FNDA:0,(anonymous_5)
DA:3,0
DA:8,0
DA:9,0
DA:10,0
DA:15,0
DA:23,0
DA:25,0
DA:26,0
DA:29,0
DA:32,0
DA:34,0
DA:37,0
DA:40,0
LF:13
LH:0
BRDA:3,0,0,0
BRDA:3,0,1,0
BRDA:25,1,0,0
BRDA:25,1,1,0
BRDA:25,2,0,0
BRDA:25,2,1,0
BRDA:25,2,2,0
BRDA:26,3,0,0
BRDA:26,3,1,0
BRDA:26,3,2,0
BRF:10
BRH:0
end_of_record
TN:
SF:src/components/JobCard.tsx
FN:10,JobCard
FN:15,(anonymous_1)
FN:62,(anonymous_2)
FN:90,(anonymous_3)
FNF:4
FNH:4
FNDA:10,JobCard
FNDA:2,(anonymous_1)
FNDA:18,(anonymous_2)
FNDA:2,(anonymous_3)
DA:11,10
DA:12,10
DA:13,10
DA:15,10
DA:16,2
DA:17,2
DA:19,2
DA:20,2
DA:22,2
DA:23,2
DA:29,2
DA:30,1
DA:31,1
DA:33,1
DA:36,0
DA:37,0
DA:38,0
DA:39,0
DA:41,0
DA:44,2
DA:48,10
DA:63,18
DA:90,2
LF:23
LH:18
BRDA:17,0,0,0
BRDA:17,0,1,2
BRDA:29,1,0,1
BRDA:29,1,1,1
BRDA:33,2,0,1
BRDA:33,2,1,0
BRDA:36,3,0,0
BRDA:36,3,1,0
BRDA:38,4,0,0
BRDA:38,4,1,0
BRDA:62,5,0,10
BRDA:62,5,1,1
BRDA:64,6,0,10
BRDA:64,6,1,0
BRDA:65,7,0,10
BRDA:65,7,1,1
BRDA:65,8,0,0
BRDA:65,8,1,0
BRDA:70,9,0,10
BRDA:70,9,1,2
BRDA:72,10,0,1
BRDA:72,10,1,1
BRDA:76,11,0,1
BRDA:76,11,1,1
BRDA:78,12,0,10
BRDA:78,12,1,2
BRDA:78,12,2,9
BRDA:103,13,0,2
BRDA:103,13,1,7
BRDA:109,14,0,2
BRDA:109,14,1,7
BRF:31
BRH:22
end_of_record
TN:
SF:src/pages/EmailLogin.tsx
FN:5,EmailLogin
FN:11,(anonymous_1)
FN:56,(anonymous_2)
FNF:3
FNH:3
FNDA:9,EmailLogin
FNDA:2,(anonymous_1)
FNDA:2,(anonymous_2)
DA:6,9
DA:7,9
DA:8,9
DA:9,9
DA:11,9
DA:12,2
DA:13,2
DA:15,2
DA:16,2
DA:18,2
DA:19,2
DA:20,1
DA:21,1
DA:22,1
DA:23,1
DA:25,1
DA:27,0
DA:30,1
DA:31,0
DA:32,1
DA:33,1
DA:35,0
DA:38,2
DA:42,9
DA:56,2
LF:25
LH:22
BRDA:13,0,0,0
BRDA:13,0,1,2
BRDA:20,1,0,1
BRDA:20,1,1,0
BRDA:20,2,0,1
BRDA:20,2,1,1
BRDA:20,2,2,1
BRDA:30,3,0,0
BRDA:30,3,1,1
BRDA:32,4,0,1
BRDA:32,4,1,0
BRDA:63,5,0,9
BRDA:63,5,1,1
BRDA:75,6,0,2
BRDA:75,6,1,7
BRDA:81,7,0,2
BRDA:81,7,1,7
BRF:17
BRH:13
end_of_record
TN:
SF:src/pages/JobListing.tsx
FN:7,JobListing
FN:16,(anonymous_1)
FN:22,(anonymous_2)
FN:26,(anonymous_3)
FN:65,(anonymous_4)
FN:81,(anonymous_5)
FN:100,(anonymous_6)
FNF:7
FNH:5
FNDA:5,JobListing
FNDA:3,(anonymous_1)
FNDA:2,(anonymous_2)
FNDA:2,(anonymous_3)
FNDA:0,(anonymous_4)
FNDA:1,(anonymous_5)
FNDA:0,(anonymous_6)
DA:8,5
DA:9,5
DA:10,5
DA:12,5
DA:13,5
DA:14,5
DA:16,5
DA:17,3
DA:18,1
DA:19,1
DA:22,2
DA:23,2
DA:24,2
DA:25,1
DA:26,2
DA:28,0
DA:31,1
DA:32,0
DA:33,1
DA:34,1
DA:36,0
DA:39,2
DA:43,2
DA:46,5
DA:48,4
DA:50,4
DA:51,2
DA:59,2
DA:60,1
DA:65,0
DA:72,1
DA:73,0
DA:79,1
DA:82,1
DA:92,4
DA:101,0
DA:102,0
LF:37
LH:30
BRDA:17,0,0,1
BRDA:17,0,1,2
BRDA:25,1,0,1
BRDA:25,1,1,0
BRDA:31,2,0,0
BRDA:31,2,1,1
BRDA:33,3,0,1
BRDA:33,3,1,0
BRDA:46,4,0,1
BRDA:46,4,1,4
BRDA:50,5,0,2
BRDA:50,5,1,2
BRDA:59,6,0,1
BRDA:59,6,1,1
BRDA:72,7,0,0
BRDA:72,7,1,1
BRF:16
BRH:12
end_of_record
