TN:
SF:src/App.tsx
FN:6,App
FNF:1
FNH:1
FNDA:2,App
DA:7,2
LF:1
LH:1
BRF:0
BRH:0
end_of_record
TN:
SF:src/api/client.ts
FN:7,(anonymous_0)
FN:14,fetchClient
FN:23,(anonymous_2)
FN:33,(anonymous_3)
FN:36,(anonymous_4)
FN:39,(anonymous_5)
FNF:6
FNH:6
FNDA:5,(anonymous_0)
FNDA:8,fetchClient
FNDA:1,(anonymous_2)
FNDA:1,(anonymous_3)
FNDA:6,(anonymous_4)
FNDA:1,(anonymous_5)
DA:3,2
DA:8,5
DA:9,5
DA:10,5
DA:15,8
DA:23,8
DA:25,8
DA:26,5
DA:29,3
DA:32,2
DA:34,1
DA:37,6
DA:40,1
LF:13
LH:13
BRDA:3,0,0,2
BRDA:3,0,1,0
BRDA:25,1,0,5
BRDA:25,1,1,3
BRDA:25,2,0,8
BRDA:25,2,1,5
BRDA:26,3,0,5
BRDA:26,3,1,3
BRDA:26,3,2,1
BRF:9
BRH:8
end_of_record
TN:
SF:src/components/JobCard.tsx
FN:10,JobCard
FN:15,(anonymous_1)
FN:62,(anonymous_2)
FN:90,(anonymous_3)
FNF:4
FNH:4
FNDA:18,JobCard
FNDA:4,(anonymous_1)
FNDA:34,(anonymous_2)
FNDA:4,(anonymous_3)
DA:11,18
DA:12,18
DA:13,18
DA:15,18
DA:16,4
DA:17,4
DA:19,4
DA:20,4
DA:22,4
DA:23,4
DA:29,2
DA:30,1
DA:31,1
DA:33,1
DA:36,2
DA:37,0
DA:38,2
DA:39,1
DA:41,1
DA:44,4
DA:48,18
DA:63,34
DA:90,4
LF:23
LH:22
BRDA:17,0,0,0
BRDA:17,0,1,4
BRDA:29,1,0,1
BRDA:29,1,1,1
BRDA:33,2,0,1
BRDA:33,2,1,0
BRDA:36,3,0,0
BRDA:36,3,1,2
BRDA:38,4,0,1
BRDA:38,4,1,1
BRDA:62,5,0,18
BRDA:62,5,1,1
BRDA:64,6,0,18
BRDA:64,6,1,0
BRDA:65,7,0,18
BRDA:65,7,1,1
BRDA:65,8,0,0
BRDA:65,8,1,0
BRDA:70,9,0,18
BRDA:70,9,1,4
BRDA:72,10,0,1
BRDA:72,10,1,3
BRDA:76,11,0,1
BRDA:76,11,1,3
BRDA:78,12,0,18
BRDA:78,12,1,4
BRDA:78,12,2,17
BRDA:103,13,0,4
BRDA:103,13,1,13
BRDA:109,14,0,4
BRDA:109,14,1,13
BRF:31
BRH:25
end_of_record
TN:
SF:src/pages/EmailLogin.tsx
FN:5,EmailLogin
FN:11,(anonymous_1)
FN:56,(anonymous_2)
FNF:3
FNH:3
FNDA:11,EmailLogin
FNDA:2,(anonymous_1)
FNDA:2,(anonymous_2)
DA:6,11
DA:7,11
DA:8,11
DA:9,11
DA:11,11
DA:12,2
DA:13,2
DA:15,2
DA:16,2
DA:18,2
DA:19,2
DA:20,1
DA:21,1
DA:22,1
DA:23,1
DA:25,1
DA:27,0
DA:30,1
DA:31,0
DA:32,1
DA:33,1
DA:35,0
DA:38,2
DA:42,11
DA:56,2
LF:25
LH:22
BRDA:13,0,0,0
BRDA:13,0,1,2
BRDA:20,1,0,1
BRDA:20,1,1,0
BRDA:20,2,0,1
BRDA:20,2,1,1
BRDA:30,3,0,0
BRDA:30,3,1,1
BRDA:32,4,0,1
BRDA:32,4,1,0
BRDA:63,5,0,11
BRDA:63,5,1,1
BRDA:75,6,0,2
BRDA:75,6,1,9
BRDA:81,7,0,2
BRDA:81,7,1,9
BRF:16
BRH:12
end_of_record
TN:
SF:src/pages/JobListing.tsx
FN:7,JobListing
FN:16,(anonymous_1)
FN:22,(anonymous_2)
FN:26,(anonymous_3)
FN:65,(anonymous_4)
FN:81,(anonymous_5)
FN:100,(anonymous_6)
FNF:7
FNH:6
FNDA:11,JobListing
FNDA:6,(anonymous_1)
FNDA:5,(anonymous_2)
FNDA:2,(anonymous_3)
FNDA:0,(anonymous_4)
FNDA:1,(anonymous_5)
FNDA:1,(anonymous_6)
DA:8,11
DA:9,11
DA:10,11
DA:12,11
DA:13,11
DA:14,11
DA:16,11
DA:17,6
DA:18,1
DA:19,1
DA:22,5
DA:23,5
DA:24,5
DA:25,3
DA:26,3
DA:28,0
DA:31,2
DA:32,1
DA:33,1
DA:34,0
DA:36,1
DA:39,5
DA:43,5
DA:46,11
DA:48,10
DA:50,10
DA:51,5
DA:59,5
DA:60,2
DA:65,0
DA:72,3
DA:73,2
DA:79,1
DA:82,1
DA:92,10
DA:101,1
DA:102,1
LF:37
LH:34
BRDA:17,0,0,1
BRDA:17,0,1,5
BRDA:25,1,0,3
BRDA:25,1,1,0
BRDA:31,2,0,1
BRDA:31,2,1,1
BRDA:33,3,0,0
BRDA:33,3,1,1
BRDA:46,4,0,1
BRDA:46,4,1,10
BRDA:50,5,0,5
BRDA:50,5,1,5
BRDA:59,6,0,2
BRDA:59,6,1,3
BRDA:72,7,0,2
BRDA:72,7,1,1
BRF:16
BRH:14
end_of_record
